[2026-05-29  7:30:01.61] ============================================
[2026-05-29  7:30:01.61] START [2026-05-29  7:30:01.61]
[2026-05-29  7:30:01.62] [1/4] Bloomberg fetch
  [us_pol_sofr                   ] SOFRRATE Index           ... val=3.63 1D=+0.000 (2026-05-27)
  [ca_pol_corra                  ] CAONREPO Index           ... val=2.25 1D=-0.020 (2026-05-27)
  [uk_pol_sonia                  ] SONIO/N Index            ... val=3.729 1D=+0.000 (2026-05-27)
  [eu_pol_estr                   ] ESTRON Index             ... val=1.932 1D=+0.000 (2026-05-27)
  [kr_pol_cd91                   ] KWCDC Curncy             ... val=2.85 1D=+0.000 (2026-05-28)
  [sg_pol_sora                   ] SIBCSORA Index           ... val=0.8869 1D=-0.019 (2026-05-26)
  [hk_pol_hibor3m                ] HIHD03M Index            ... val=2.8708 1D=+0.037 (2026-05-28)
  [se_pol_stib3m                 ] STIB3M Index             ... val=1.995 1D=-0.012 (2026-05-27)
  [us_be_10y                     ] USGGBE10 Index           ... val=2.4101 1D=-0.001 (2026-05-28)
  [uk_be_10y                     ] UKGGBE10 Index           ... val=3.375 1D=-0.016 (2026-05-28)
  [eu_be_10y                     ] EUSWSB10 Index           ... val=0.75 1D=-0.034 (2026-05-28)
  [de_be_10y                     ] DEGGBE10 Index           ... val=2.0735 1D=-0.027 (2026-05-28)
  [fr_be_10y                     ] FRGG10EB Index           ... val=2.193 1D=-0.016 (2026-05-28)
  [au_be_10y                     ] ADGGBE10 Index           ... val=2.383 1D=-0.002 (2026-05-28)
  [jp_be_10y                     ] JYGGBE10 Index           ... val=2.24 1D=-0.008 (2026-05-28)
  [se_be_10y                     ] SKGGBE10 Index           ... val=1.663 1D=-0.008 (2026-05-28)
  [us_mort_30y                   ] NMCMFR30 Index           ... val=6.53 1D=+0.020 (2026-05-28)
  [us_cpi_yoy                    ] CPI YOY Index            ... act=3.8 cons=3.7 prior=3.3 (2026-04-30)
  [us_core_cpi_yoy               ] CPI XYOY Index           ... act=2.8 cons=2.7 prior=2.6 (2026-04-30)
  [us_pce_yoy                    ] PCE DEFY Index           ... act=3.8 cons=3.8 prior=3.5 (2026-04-30)
  [us_core_pce_yoy               ] PCE CYOY Index           ... act=3.2892 cons=3.3 prior=3.2363 (2026-04-30)
  [eu_hicp_yoy                   ] ECCPEMUY Index           ... act=3.0 cons=3.0 prior=2.6 (2026-04-30)
  [eu_core_hicp_yoy              ] CPEXEMUY Index           ... act=2.2 cons=2.2 prior=2.3 (2026-04-30)
  [uk_cpi_yoy                    ] UKRPCJYR Index           ... act=2.8 cons=3.0 prior=3.3 (2026-04-30)
  [uk_core_cpi_yoy               ] UKHCA9IY Index           ... act=4.2 cons=- prior=4.0 (2026-04-30)
  [sg_cpi_yoy                    ] SICPIYOY Index           ... act=1.8 cons=2.1 prior=1.8 (2026-04-30)
  [sg_core_cpi                   ] SMASCORE Index           ... act=1.4 cons=1.8 prior=1.7 (2026-04-30)
  [au_cpi_yoy_q                  ] AUCPIYOY Index           ... act=3.2 cons=- prior=2.1 (2025-09-30)
  [au_core_yoy                   ] AUUIR Index              ... act=2.2 cons=- prior=None (2026-05-29)
  [jp_cpi_yoy                    ] JNCPIYOY Index           ... act=1.4 cons=1.6 prior=1.5 (2026-04-30)
  [jp_core_cpi                   ] JNCPIXFF Index           ... act=1.4 cons=1.7 prior=1.8 (2026-04-30)
  [jp_core_core                  ] JCPNEFFE Index           ... act=1.9 cons=2.2 prior=2.4 (2026-04-30)
  [ca_cpi_yoy                    ] CACPIYOY Index           ... act=2.8 cons=3.1 prior=2.4 (2026-04-30)
  [ca_core_trim                  ] CACPTYOY Index           ... act=2.0 cons=2.2 prior=2.2 (2026-04-30)
  [fomc                          ] FDTR Index               ... rate=3.75% cons=3.75 1Y OIS=3.8102
  [ecb                           ] EUORDEPO Index           ... rate=2.0% 1Y OIS=2.4025
  [boe                           ] UKBRBASE Index           ... rate=3.75% 1Y OIS=4.068
  [rba                           ] RBATCTR Index            ... rate=4.35% 1Y OIS=4.59
  [boj                           ] BOJDPBAL Index           ... rate=0.75% 1Y OIS=1.09
  [boc                           ] CABROVER Index           ... rate=2.25% cons=2.25 1Y OIS=2.5345
  [us_unemp                      ] USURTOT Index            ... act=4.3 cons=4.3 prior=4.3 (2026-04-30)
  [ca_unemp                      ] CANLXEMR Index           ... act=6.9 cons=6.7 prior=6.7 (2026-04-30)
  [uk_unemp_ilo                  ] UKUEILOR Index           ... act=5.0 cons=4.9 prior=4.9 (2026-03-31)
  [eu_unemp                      ] UMRTEMU Index            ... act=6.2 cons=6.2 prior=6.3 (2026-03-31)
  [au_unemp                      ] AULFUNEM Index           ... act=4.5 cons=4.3 prior=4.3 (2026-04-30)
  [jp_unemp                      ] JNUE Index               ... act=2.7 cons=2.6 prior=2.6 (2026-03-31)
  [kr_unemp                      ] KOEAUERS Index           ... act=2.8 cons=2.7 prior=2.7 (2026-04-30)
  [hk_unemp                      ] HKUERATE Index           ... act=3.7 cons=3.7 prior=3.7 (2026-04-30)
  [sg_unemp                      ] SIQUTOTA Index           ... act=2.1 cons=- prior=2.0 (2026-03-31)
  [se_unemp                      ] SWUERATE Index           ... act=8.7 cons=- prior=9.7 (2026-04-30)
  [us_nahb                       ] USHBMIDX Index           ... act=34.0 cons=37.0 prior=38.0 (2026-04-30)
  [us_housing_starts             ] NHSPSTOT Index           ... act=1465.0 cons=1410.0 prior=1507.0 (2026-04-30)
  [us_existing_home_sales        ] ETSLTOTL Index           ... act=4.02 cons=4.05 prior=4.01 (2026-04-30)
  [us_case_shiller_yoy           ] SPCS20Y% Index           ... act=0.83 cons=0.9 prior=0.92 (2026-03-31)
  [ca_housing_starts             ] EHHUCA Index             ... act=242.04 cons=- prior=255.48 (2026-03-31)
  [uk_nationwide_mom             ] UKNBAAMM Index           ... act=0.4 cons=-0.3 prior=0.9 (2026-04-30)
  [de_construction_pmi           ] MPMIDEXA Index           ... act=42.1 cons=- prior=48.0 (2026-04-30)
  [fr_construction_pmi           ] MPMIFRXA Index           ... act=38.1 cons=- prior=38.4 (2026-04-30)
  [jp_housing_starts_yoy         ] JNHSYOY Index            ... act=-29.294 cons=-28.5 prior=-4.9 (2026-03-31)
  [kr_kb_hpi_yoy                 ] KOHPTYOY Index           ... act=2.4 cons=- prior=2.2 (2026-04-30)
  [kr_kb_hpi_seoul_yoy           ] KOHPSYOY Index           ... act=9.6 cons=- prior=9.5 (2026-04-30)
  [hk_rvd_hpi                    ] HKRLPDAP Index           ... act=312.8 cons=- prior=308.5 (2026-03-31)
  [hk_property_transactions      ] HKLRTRBU Index           ... act=7368.0 cons=- prior=6316.0 (2026-04-30)
  [us_michigan                   ] CONSSENT Index           ... act=49.8 cons=48.5 prior=53.3 (2026-04-30)
  [us_cb_confidence              ] CONCCONF Index           ... act=93.8 cons=89.0 prior=92.2 (2026-04-30)
  [ca_nanos                      ] BNCCINDX Index           ... act=51.7301 cons=- prior=51.8801 (2026-05-22)
  [uk_gfk                        ] UKCCI Index              ... act=-25.0 cons=-25.0 prior=-21.0 (2026-04-30)
  [eu_consumer_conf              ] EUCCEMU Index            ... act=-20.6 cons=- prior=-16.4 (2026-04-30)
  [jp_consumer_conf              ] JCONSENT Index           ... act=42.7 cons=- prior=None (2026-05-29)
  [se_consumer_conf              ] SWETCI Index             ... act=91.7 cons=- prior=95.1 (2026-04-30)
  [us_retail_mom                 ] RSTAMOM Index            ... act=0.5 cons=0.5 prior=1.6 (2026-04-30)
  [ca_retail_mom                 ] CARSCHNG Index           ... act=0.9 cons=0.6 prior=0.7 (2026-03-31)
  [uk_retail_ex_fuel_mom         ] UKRVAMOM Index           ... act=-0.4 cons=-0.3 prior=0.1 (2026-04-30)
  [eu_retail_mom                 ] RSSAEMUM Index           ... act=-0.1 cons=-0.3 prior=-0.3 (2026-03-31)
  [au_retail_mom                 ] AURSTSA Index            ... act=1.2 cons=0.4 prior=0.5 (2025-06-30)
  [jp_retail_mom                 ] JNRSMOM Index            ... act=0.0 cons=- prior=-0.6 (2026-03-31)
  [kr_retail_mom                 ] KOCGCGSM Index           ... act=1.8 cons=- prior=-0.28 (2026-03-31)
  [hk_retail_yoy                 ] HKRSVANY Index           ... act=12.8 cons=9.4 prior=19.3 (2026-03-31)
  [sg_retail_mom                 ] SRSATM Index             ... act=3.7 cons=- prior=-4.3 (2026-03-31)
  [se_retail_ex_fuel_mom         ] SWRSAMM Index            ... act=1.95 cons=- prior=-0.61 (2026-03-31)

[bbg] 80/80 fetched successfully
[bbg] 57 indicators, 17 snapshots, 6 CB rates
[bbg] Saved to data\bloomberg\latest.json
[2026-05-29  7:30:46.27] [2/4] FRED fetch
[2026-05-29  7:30:46.27]   SKIP: FRED_API_KEY not set
[2026-05-29  7:30:46.29] [3/4] Calendar refresh
[calendar] Window: 2026-05-22 ~ 2026-06-26
[calendar] 30 events in window (35 outside, 0 unknown indicator)
[calendar] Saved to data\calendar\latest.json
[2026-05-29  7:30:46.44] [4/4] Build dashboard
[build] Real data merged (sample fallback for missing slots)
[build] Wrote C:\Users\Bloomberg\Desktop\macro-dashboard\docs\index.html (104,355 bytes)
[2026-05-29  7:30:46.66] git pull --rebase
error: cannot pull with rebase: You have unstaged changes.
error: Please commit or stash them.
[2026-05-29  7:30:46.70]   rebase conflict detected; taking our version + rebuilding
Updated 3 paths from the index
[build] Real data merged (sample fallback for missing slots)
[build] Wrote C:\Users\Bloomberg\Desktop\macro-dashboard\docs\index.html (103,561 bytes)
fatal: no rebase in progress
[main dda70ae] daily refresh 2026-05-29  7:30:47.08
 1 file changed, 24 insertions(+), 50 deletions(-)
To https://github.com/igisamreits-oss/macro-dashboard.git
 ! [rejected]        main -> main (fetch first)
error: failed to push some refs to 'https://github.com/igisamreits-oss/macro-dashboard.git'
hint: Updates were rejected because the remote contains work that you do not
hint: have locally. This is usually caused by another repository pushing to
hint: the same ref. If you want to integrate the remote changes, use
hint: 'git pull' before pushing again.
hint: See the 'Note about fast-forwards' in 'git push --help' for details.
[2026-05-29  7:30:48.19]   push failed attempt 1, pulling...
From https://github.com/igisamreits-oss/macro-dashboard
   29a90c9..5505622  main       -> origin/main
Rebasing (1/1)Auto-merging docs/index.html
CONFLICT (content): Merge conflict in docs/index.html
error: could not apply dda70ae... daily refresh 2026-05-29  7:30:47.08
hint: Resolve all conflicts manually, mark them as resolved with
hint: "git add/rm <conflicted_files>", then run "git rebase --continue".
hint: You can instead skip this commit: run "git rebase --skip".
hint: To abort and get back to the state before "git rebase", run "git rebase --abort".
hint: Disable this message with "git config set advice.mergeConflict false"
Could not apply dda70ae... # daily refresh 2026-05-29  7:30:47.08
fatal: You are not currently on a branch.
To push the history leading to the current (detached HEAD)
state now, use

    git push origin HEAD:<name-of-remote-branch>

[2026-05-29  7:30:49.15]   push failed attempt 2, pulling...
error: Pulling is not possible because you have unmerged files.
hint: Fix them up in the work tree, and then use 'git add/rm <file>'
hint: as appropriate to mark resolution and make a commit.
fatal: Exiting because of an unresolved conflict.
fatal: You are not currently on a branch.
To push the history leading to the current (detached HEAD)
state now, use

    git push origin HEAD:<name-of-remote-branch>

[2026-05-29  7:30:49.26]   push failed attempt 3, pulling...
error: Pulling is not possible because you have unmerged files.
hint: Fix them up in the work tree, and then use 'git add/rm <file>'
hint: as appropriate to mark resolution and make a commit.
fatal: Exiting because of an unresolved conflict.
[2026-05-29  7:30:49.29]   PUSH FAILED after 3 attempts -- inspect log
[2026-05-29  7:30:49.32] END [2026-05-29  7:30:49.32]
