[2026-06-10  7:30:01.72] ============================================
[2026-06-10  7:30:01.72] START [2026-06-10  7:30:01.72]
[2026-06-10  7:30:01.73] ----- Attempt 1 -----
[2026-06-10  7:30:01.74] [sync] fetch + reset --hard origin/main
From https://github.com/igisamreits-oss/macro-dashboard
 * branch            main       -> FETCH_HEAD
   0eafd16..5a3b020  main       -> origin/main
HEAD is now at 5a3b020 chore: daily dashboard refresh (2026-06-09)
[2026-06-10  7:30:03.05] [1/4] Bloomberg fetch
  [us_pol_sofr                   ] SOFRRATE Index           ... val=3.63 1D=+0.000 (2026-06-08)
  [ca_pol_corra                  ] CAONREPO Index           ... val=2.26 1D=+0.000 (2026-06-08)
  [uk_pol_sonia                  ] SONIO/N Index            ... val=3.73 1D=-0.001 (2026-06-08)
  [eu_pol_estr                   ] ESTRON Index             ... val=1.93 1D=-0.001 (2026-06-08)
  [kr_pol_cd91                   ] KWCDC Curncy             ... val=2.91 1D=-0.010 (2026-06-09)
  [sg_pol_sora                   ] SIBCSORA Index           ... val=1.2059 1D=+0.162 (2026-06-08)
  [hk_pol_hibor3m                ] HIHD03M Index            ... val=2.8424 1D=-0.013 (2026-06-09)
  [se_pol_stib3m                 ] STIB3M Index             ... val=2.037 1D=+0.002 (2026-06-08)
  [us_be_10y                     ] USGGBE10 Index           ... val=2.3439 1D=-0.018 (2026-06-09)
  [uk_be_10y                     ] UKGGBE10 Index           ... val=3.32 1D=-0.006 (2026-06-09)
  [eu_be_10y                     ] EUSWSB10 Index           ... val=0.89 1D=-0.004 (2026-06-09)
  [de_be_10y                     ] DEGGBE10 Index           ... val=2.0525 1D=-0.014 (2026-06-09)
  [fr_be_10y                     ] FRGG10EB Index           ... val=2.189 1D=-0.012 (2026-06-09)
  [au_be_10y                     ] ADGGBE10 Index           ... val=2.384 1D=+0.001 (2026-06-09)
  [jp_be_10y                     ] JYGGBE10 Index           ... val=2.242 1D=-0.057 (2026-06-09)
  [se_be_10y                     ] SKGGBE10 Index           ... val=1.74 1D=+0.003 (2026-06-09)
  [us_mort_30y                   ] NMCMFR30 Index           ... val=6.48 1D=-0.050 (2026-06-04)
  [us_cpi_yoy                    ] CPI YOY Index            ... act=3.8 cons=3.7 prior=3.3 (2026-04-30)
  [us_core_cpi_yoy               ] CPI XYOY Index           ... act=2.8 cons=2.7 prior=2.6 (2026-04-30)
  [us_pce_yoy                    ] PCE DEFY Index           ... act=3.8 cons=3.8 prior=3.5 (2026-04-30)
  [us_core_pce_yoy               ] PCE CYOY Index           ... act=3.2892 cons=3.3 prior=3.2363 (2026-04-30)
  [eu_hicp_yoy                   ] ECCPEMUY Index           ... act=3.2 cons=- prior=3.0 (2026-05-31)
  [eu_core_hicp_yoy              ] CPEXEMUY Index           ... act=2.5 cons=- prior=2.2 (2026-05-31)
  [uk_cpi_yoy                    ] UKRPCJYR Index           ... act=2.8 cons=3.0 prior=3.3 (2026-04-30)
  [uk_core_cpi_yoy               ] UKHCA9IY Index           ... 2026-06-09T22:30:23.366504Z  WARN ThreadId(30) xbbg_async::engine::state::refdata: crates\xbbg-async\src\engine\state\refdata.rs:191: ReferenceData completed with field exceptions count=1 ticker_count=1 tickers={"UKHCA9IY Index"}
act=4.2 cons=- prior=4.0 (2026-04-30)
  [sg_cpi_yoy                    ] SICPIYOY Index           ... act=1.8 cons=2.1 prior=1.8 (2026-04-30)
  [sg_core_cpi                   ] SMASCORE Index           ... act=1.4 cons=1.8 prior=1.7 (2026-04-30)
  [au_cpi_yoy_q                  ] AUCPIYOY Index           ... 2026-06-09T22:30:26.839817Z  WARN ThreadId(30) xbbg_async::engine::state::refdata: crates\xbbg-async\src\engine\state\refdata.rs:191: ReferenceData completed with field exceptions count=2 ticker_count=1 tickers={"AUCPIYOY Index"}
act=3.2 cons=- prior=2.1 (2025-09-30)
  [au_core_yoy                   ] AUUIR Index              ... act=2.2 cons=- prior=None (2026-06-10)
  [jp_cpi_yoy                    ] JNCPIYOY Index           ... act=1.4 cons=1.6 prior=1.5 (2026-04-30)
  [jp_core_cpi                   ] JNCPIXFF Index           ... act=1.4 cons=1.7 prior=1.8 (2026-04-30)
  [jp_core_core                  ] JCPNEFFE Index           ... act=1.9 cons=2.2 prior=2.4 (2026-04-30)
  [ca_cpi_yoy                    ] CACPIYOY Index           ... act=2.8 cons=3.1 prior=2.4 (2026-04-30)
  [ca_core_trim                  ] CACPTYOY Index           ... act=2.0 cons=2.2 prior=2.2 (2026-04-30)
  [fomc                          ] FDTR Index               ... rate=3.75% cons=3.75 1Y OIS=3.888
  [ecb                           ] EUORDEPO Index           ... rate=2.0% cons=2.25 1Y OIS=2.5116
  [boe                           ] UKBRBASE Index           ... rate=3.75% 1Y OIS=4.1613
  [rba                           ] RBATCTR Index            ... rate=4.35% 1Y OIS=4.5942
  [boj                           ] BOJDPBAL Index           ... rate=0.75% 1Y OIS=1.1462
  [boc                           ] CABROVER Index           ... rate=2.25% cons=2.25 1Y OIS=2.5425
  [us_unemp                      ] USURTOT Index            ... act=4.3 cons=4.3 prior=4.3 (2026-05-31)
  [ca_unemp                      ] CANLXEMR Index           ... act=6.6 cons=6.9 prior=6.9 (2026-05-31)
  [uk_unemp_ilo                  ] UKUEILOR Index           ... act=5.0 cons=4.9 prior=4.9 (2026-03-31)
  [eu_unemp                      ] UMRTEMU Index            ... act=6.3 cons=6.2 prior=6.3 (2026-04-30)
  [au_unemp                      ] AULFUNEM Index           ... act=4.5 cons=4.3 prior=4.3 (2026-04-30)
  [jp_unemp                      ] JNUE Index               ... act=2.5 cons=2.7 prior=2.7 (2026-04-30)
  [kr_unemp                      ] KOEAUERS Index           ... act=2.8 cons=2.7 prior=2.7 (2026-04-30)
  [hk_unemp                      ] HKUERATE Index           ... act=3.7 cons=3.7 prior=3.7 (2026-04-30)
  [sg_unemp                      ] SIQUTOTA Index           ... 2026-06-09T22:30:50.454229Z  WARN ThreadId(30) xbbg_async::engine::state::refdata: crates\xbbg-async\src\engine\state\refdata.rs:191: ReferenceData completed with field exceptions count=1 ticker_count=1 tickers={"SIQUTOTA Index"}
act=2.1 cons=- prior=2.0 (2026-03-31)
  [se_unemp                      ] SWUERATE Index           ... 2026-06-09T22:30:52.124836Z  WARN ThreadId(30) xbbg_async::engine::state::refdata: crates\xbbg-async\src\engine\state\refdata.rs:191: ReferenceData completed with field exceptions count=2 ticker_count=1 tickers={"SWUERATE Index"}
act=8.7 cons=- prior=9.7 (2026-04-30)
  [us_nahb                       ] USHBMIDX Index           ... act=37.0 cons=34.0 prior=34.0 (2026-05-31)
  [us_housing_starts             ] NHSPSTOT Index           ... act=1465.0 cons=1410.0 prior=1507.0 (2026-04-30)
  [us_existing_home_sales        ] ETSLTOTL Index           ... act=4.17 cons=4.07 prior=4.04 (2026-05-31)
  [us_case_shiller_yoy           ] SPCS20Y% Index           ... act=0.83 cons=0.9 prior=0.92 (2026-03-31)
  [ca_housing_starts             ] EHHUCA Index             ... 2026-06-09T22:30:57.608757Z  WARN ThreadId(30) xbbg_async::engine::state::refdata: crates\xbbg-async\src\engine\state\refdata.rs:191: ReferenceData completed with field exceptions count=2 ticker_count=1 tickers={"EHHUCA Index"}
act=242.04 cons=- prior=255.48 (2026-03-31)
  [uk_nationwide_mom             ] UKNBAAMM Index           ... 2026-06-09T22:30:58.550529Z  WARN ThreadId(30) xbbg_async::engine::state::refdata: crates\xbbg-async\src\engine\state\refdata.rs:191: ReferenceData completed with field exceptions count=1 ticker_count=1 tickers={"UKNBAAMM Index"}
act=-0.6 cons=-0.2 prior=0.4 (2026-05-31)
  [de_construction_pmi           ] MPMIDEXA Index           ... act=42.4 cons=- prior=42.1 (2026-05-31)
  [fr_construction_pmi           ] MPMIFRXA Index           ... 2026-06-09T22:31:00.538805Z  WARN ThreadId(30) xbbg_async::engine::state::refdata: crates\xbbg-async\src\engine\state\refdata.rs:191: ReferenceData completed with field exceptions count=2 ticker_count=1 tickers={"MPMIFRXA Index"}
act=39.6 cons=- prior=38.1 (2026-05-31)
  [jp_housing_starts_yoy         ] JNHSYOY Index            ... act=11.357 cons=14.8 prior=-29.294 (2026-04-30)
  [kr_kb_hpi_yoy                 ] KOHPTYOY Index           ... 2026-06-09T22:31:02.739632Z  WARN ThreadId(30) xbbg_async::engine::state::refdata: crates\xbbg-async\src\engine\state\refdata.rs:191: ReferenceData completed with field exceptions count=2 ticker_count=1 tickers={"KOHPTYOY Index"}
act=2.5 cons=- prior=2.4 (2026-05-31)
  [kr_kb_hpi_seoul_yoy           ] KOHPSYOY Index           ... 2026-06-09T22:31:03.626852Z  WARN ThreadId(30) xbbg_async::engine::state::refdata: crates\xbbg-async\src\engine\state\refdata.rs:191: ReferenceData completed with field exceptions count=2 ticker_count=1 tickers={"KOHPSYOY Index"}
act=9.6 cons=- prior=9.6 (2026-05-31)
  [hk_rvd_hpi                    ] HKRLPDAP Index           ... 2026-06-09T22:31:04.558722Z  WARN ThreadId(30) xbbg_async::engine::state::refdata: crates\xbbg-async\src\engine\state\refdata.rs:191: ReferenceData completed with field exceptions count=2 ticker_count=1 tickers={"HKRLPDAP Index"}
act=316.6 cons=- prior=313.8 (2026-04-30)
  [hk_property_transactions      ] HKLRTRBU Index           ... 2026-06-09T22:31:05.614949Z  WARN ThreadId(30) xbbg_async::engine::state::refdata: crates\xbbg-async\src\engine\state\refdata.rs:191: ReferenceData completed with field exceptions count=2 ticker_count=1 tickers={"HKLRTRBU Index"}
act=7138.0 cons=- prior=7368.0 (2026-05-31)
  [us_michigan                   ] CONSSENT Index           ... act=44.8 cons=48.2 prior=49.8 (2026-05-31)
  [us_cb_confidence              ] CONCCONF Index           ... act=93.1 cons=92.0 prior=93.8 (2026-05-31)
  [ca_nanos                      ] BNCCINDX Index           ... act=50.8596 cons=- prior=50.7029 (2026-06-05)
  [uk_gfk                        ] UKCCI Index              ... act=-23.0 cons=-28.0 prior=-25.0 (2026-05-31)
  [eu_consumer_conf              ] EUCCEMU Index            ... act=-19.0 cons=-20.6 prior=-20.6 (2026-05-31)
  [jp_consumer_conf              ] JCONSENT Index           ... act=42.7 cons=- prior=None (2026-06-10)
  [se_consumer_conf              ] SWETCI Index             ... act=92.4 cons=- prior=91.7 (2026-05-31)
  [us_retail_mom                 ] RSTAMOM Index            ... act=0.5 cons=0.5 prior=1.6 (2026-04-30)
  [ca_retail_mom                 ] CARSCHNG Index           ... act=0.9 cons=0.6 prior=0.7 (2026-03-31)
  [uk_retail_ex_fuel_mom         ] UKRVAMOM Index           ... act=-0.4 cons=-0.3 prior=0.1 (2026-04-30)
  [eu_retail_mom                 ] RSSAEMUM Index           ... act=-0.4 cons=-0.3 prior=0.8 (2026-04-30)
  [au_retail_mom                 ] AURSTSA Index            ... 2026-06-09T22:31:16.625161Z  WARN ThreadId(30) xbbg_async::engine::state::refdata: crates\xbbg-async\src\engine\state\refdata.rs:191: ReferenceData completed with field exceptions count=2 ticker_count=1 tickers={"AURSTSA Index"}
act=1.2 cons=0.4 prior=0.5 (2025-06-30)
  [jp_retail_mom                 ] JNRSMOM Index            ... 2026-06-09T22:31:17.572709Z  WARN ThreadId(30) xbbg_async::engine::state::refdata: crates\xbbg-async\src\engine\state\refdata.rs:191: ReferenceData completed with field exceptions count=1 ticker_count=1 tickers={"JNRSMOM Index"}
act=0.3 cons=- prior=0.0 (2026-04-30)
  [kr_retail_mom                 ] KOCGCGSM Index           ... 2026-06-09T22:31:18.552748Z  WARN ThreadId(30) xbbg_async::engine::state::refdata: crates\xbbg-async\src\engine\state\refdata.rs:191: ReferenceData completed with field exceptions count=2 ticker_count=1 tickers={"KOCGCGSM Index"}
act=-3.64 cons=- prior=1.9 (2026-04-30)
  [hk_retail_yoy                 ] HKRSVANY Index           ... act=8.6 cons=13.7 prior=8.6 (2026-04-30)
  [sg_retail_mom                 ] SRSATM Index             ... act=0.3 cons=- prior=3.4 (2026-04-30)
  [se_retail_ex_fuel_mom         ] SWRSAMM Index            ... act=0.0 cons=- prior=2.9 (2026-04-30)

[bbg] 80/80 fetched successfully
[bbg] 57 indicators, 17 snapshots, 6 CB rates
[bbg] Saved to data\bloomberg\latest.json
[2026-06-10  7:31:21.67] [2/4] FRED fetch
[2026-06-10  7:31:21.67]   SKIP: FRED_API_KEY not set
[2026-06-10  7:31:21.67] [3/4] Calendar refresh
[calendar] Window: 2026-06-03 ~ 2026-07-08
[calendar] 21 events in window (44 outside, 0 unknown indicator)
[calendar] Saved to data\calendar\latest.json
[2026-06-10  7:31:22.01] [4/4] Build dashboard
[build] Real data merged (sample fallback for missing slots)
[build] Wrote C:\Users\Bloomberg\Desktop\macro-dashboard\docs\index.html (116,201 bytes)
[main d50e129] daily refresh 2026-06-10  7:31:22.50
 3 files changed, 193 insertions(+), 219 deletions(-)
[2026-06-10  7:31:22.56] [push] attempting
To https://github.com/igisamreits-oss/macro-dashboard.git
   5a3b020..d50e129  main -> main
[2026-06-10  7:31:24.52]   push OK
[2026-06-10  7:31:24.54] SUCCESS on attempt 
[2026-06-10  7:31:24.54] END [2026-06-10  7:31:24.54]
